2023-05-11 09:19:59,753 [Worker-6: Loading available Gradle versions] INFO  o.e.b.c.i.u.g.PublishedGradleVersions - Gradle version information cache is up-to-date. Trying to read.
2023-05-11 10:38:33,997 [Worker-58: Import Getting Started Content] INFO  o.e.m.c.i.l.LifecycleMappingFactory - Using org.eclipse.m2e.jdt.JarLifecycleMapping lifecycle mapping for MavenProject: com.example:springdemo:1.0.0-SNAPSHOT @ /Users/banuprakash/Desktop/Java Workspaces/ADOBE/MAY23/GraphQL-May23/GraphQL/springdemo/pom.xml.
2023-05-11 10:38:34,243 [Worker-58: Import Getting Started Content] INFO  o.e.m.j.i.AbstractJavaProjectConfigurator - Adding source folder /springdemo/src/main/java
2023-05-11 10:38:34,243 [Worker-58: Import Getting Started Content] INFO  o.e.m.j.i.AbstractJavaProjectConfigurator - Adding resource folder /springdemo/src/main/resources
2023-05-11 10:38:34,244 [Worker-58: Import Getting Started Content] INFO  o.e.m.j.i.AbstractJavaProjectConfigurator - Adding resource folder /springdemo/src/main/resources
2023-05-11 10:38:34,245 [Worker-58: Import Getting Started Content] INFO  o.e.m.j.i.AbstractJavaProjectConfigurator - Adding source folder /springdemo/src/test/java
2023-05-11 10:38:34,327 [Worker-58: Import Getting Started Content] INFO  o.e.m.c.i.p.ProjectConfigurationManager - Imported and configured 1 project(s) in 0 sec
2023-05-11 10:38:34,328 [Worker-58: Import Getting Started Content] INFO  o.e.m.c.i.p.ProjectConfigurationManager - Update started
2023-05-11 10:38:34,405 [Worker-58: Import Getting Started Content] INFO  o.e.m.c.i.l.LifecycleMappingFactory - Using org.eclipse.m2e.jdt.JarLifecycleMapping lifecycle mapping for MavenProject: com.example:springdemo:1.0.0-SNAPSHOT @ /Users/banuprakash/Desktop/Java Workspaces/ADOBE/MAY23/GraphQL-May23/GraphQL/springdemo/pom.xml.
2023-05-11 10:38:34,467 [Worker-58: Import Getting Started Content] INFO  o.e.m.j.i.AbstractJavaProjectConfigurator - Adding source folder /springdemo/src/main/java
2023-05-11 10:38:34,467 [Worker-58: Import Getting Started Content] INFO  o.e.m.j.i.AbstractJavaProjectConfigurator - Adding resource folder /springdemo/src/main/resources
2023-05-11 10:38:34,467 [Worker-58: Import Getting Started Content] INFO  o.e.m.j.i.AbstractJavaProjectConfigurator - Adding resource folder /springdemo/src/main/resources
2023-05-11 10:38:34,467 [Worker-58: Import Getting Started Content] INFO  o.e.m.j.i.AbstractJavaProjectConfigurator - Adding source folder /springdemo/src/test/java
2023-05-11 10:38:34,519 [Worker-58: Import Getting Started Content] INFO  o.e.m.c.i.p.ProjectConfigurationManager - Update completed for 1 poms: local refresh takes 0.00 sec, refresh facades takes 0.00 sec, update config takes 0.00 sec 
2023-05-11 11:48:49,316 [Worker-73: Building] INFO  o.e.m.c.i.l.LifecycleMappingFactory - Using org.eclipse.m2e.jdt.JarLifecycleMapping lifecycle mapping for MavenProject: com.example:springdemo:1.0.0-SNAPSHOT @ /Users/banuprakash/Desktop/Java Workspaces/ADOBE/MAY23/GraphQL-May23/GraphQL/springdemo/pom.xml.
2023-05-11 11:48:49,493 [Worker-73: Building] INFO  o.a.m.s.f.DefaultMavenResourcesFiltering - Copying 0 resource from src/main/resources to target/classes
2023-05-11 11:48:49,493 [Worker-73: Building] INFO  o.a.m.s.f.DefaultMavenResourcesFiltering - Copying 0 resource from src/main/resources to target/classes
2023-05-11 11:48:49,495 [Worker-73: Building] INFO  o.a.m.s.f.DefaultMavenResourcesFiltering - skip non existing resourceDirectory /Users/banuprakash/Desktop/Java Workspaces/ADOBE/MAY23/GraphQL-May23/GraphQL/springdemo/src/test/resources
2023-05-11 11:48:50,643 [Worker-73: Building] INFO  o.a.m.s.f.DefaultMavenResourcesFiltering - Copying 1 resource from src/main/resources to target/classes
2023-05-11 11:48:50,649 [Worker-73: Building] INFO  o.a.m.s.f.DefaultMavenResourcesFiltering - Copying 0 resource from src/main/resources to target/classes
2023-05-11 11:48:50,650 [Worker-73: Building] INFO  o.a.m.s.f.DefaultMavenResourcesFiltering - skip non existing resourceDirectory /Users/banuprakash/Desktop/Java Workspaces/ADOBE/MAY23/GraphQL-May23/GraphQL/springdemo/src/test/resources
2023-05-11 11:48:55,021 [Worker-77: Building] INFO  o.e.m.c.i.l.LifecycleMappingFactory - Using org.eclipse.m2e.jdt.JarLifecycleMapping lifecycle mapping for MavenProject: com.example:springdemo:1.0.0-SNAPSHOT @ /Users/banuprakash/Desktop/Java Workspaces/ADOBE/MAY23/GraphQL-May23/GraphQL/springdemo/pom.xml.
2023-05-11 11:48:55,100 [Worker-77: Building] INFO  o.a.m.s.f.DefaultMavenResourcesFiltering - Copying 0 resource from src/main/resources to target/classes
2023-05-11 11:48:55,100 [Worker-77: Building] INFO  o.a.m.s.f.DefaultMavenResourcesFiltering - Copying 0 resource from src/main/resources to target/classes
2023-05-11 11:48:55,102 [Worker-77: Building] INFO  o.a.m.s.f.DefaultMavenResourcesFiltering - skip non existing resourceDirectory /Users/banuprakash/Desktop/Java Workspaces/ADOBE/MAY23/GraphQL-May23/GraphQL/springdemo/src/test/resources
2023-05-11 11:49:26,432 [Worker-78: Building] INFO  o.a.m.s.f.DefaultMavenResourcesFiltering - Copying 1 resource from src/main/resources to target/classes
2023-05-11 11:49:26,437 [Worker-78: Building] INFO  o.a.m.s.f.DefaultMavenResourcesFiltering - Copying 0 resource from src/main/resources to target/classes
2023-05-11 11:49:26,439 [Worker-78: Building] INFO  o.a.m.s.f.DefaultMavenResourcesFiltering - skip non existing resourceDirectory /Users/banuprakash/Desktop/Java Workspaces/ADOBE/MAY23/GraphQL-May23/GraphQL/springdemo/src/test/resources
2023-05-11 11:49:47,184 [Worker-79: Building] INFO  o.a.m.s.f.DefaultMavenResourcesFiltering - Copying 1 resource from src/main/resources to target/classes
2023-05-11 11:49:47,185 [Worker-79: Building] INFO  o.a.m.s.f.DefaultMavenResourcesFiltering - Copying 0 resource from src/main/resources to target/classes
2023-05-11 11:49:47,186 [Worker-79: Building] INFO  o.a.m.s.f.DefaultMavenResourcesFiltering - skip non existing resourceDirectory /Users/banuprakash/Desktop/Java Workspaces/ADOBE/MAY23/GraphQL-May23/GraphQL/springdemo/src/test/resources
2023-05-11 11:49:56,658 [Worker-79: Updating Maven Project] INFO  o.e.m.c.i.p.ProjectConfigurationManager - Update started
2023-05-11 11:49:56,703 [Worker-79: Updating Maven Project] INFO  o.e.m.c.i.l.LifecycleMappingFactory - Using org.eclipse.m2e.jdt.JarLifecycleMapping lifecycle mapping for MavenProject: com.example:springdemo:1.0.0-SNAPSHOT @ /Users/banuprakash/Desktop/Java Workspaces/ADOBE/MAY23/GraphQL-May23/GraphQL/springdemo/pom.xml.
2023-05-11 11:49:56,759 [Worker-79: Updating Maven Project] INFO  o.e.m.j.i.AbstractJavaProjectConfigurator - Adding source folder /springdemo/src/main/java
2023-05-11 11:49:56,759 [Worker-79: Updating Maven Project] INFO  o.e.m.j.i.AbstractJavaProjectConfigurator - Adding resource folder /springdemo/src/main/resources
2023-05-11 11:49:56,759 [Worker-79: Updating Maven Project] INFO  o.e.m.j.i.AbstractJavaProjectConfigurator - Adding resource folder /springdemo/src/main/resources
2023-05-11 11:49:56,759 [Worker-79: Updating Maven Project] INFO  o.e.m.j.i.AbstractJavaProjectConfigurator - Adding source folder /springdemo/src/test/java
2023-05-11 11:49:56,822 [Worker-79: Updating Maven Project] INFO  o.e.m.c.i.p.ProjectConfigurationManager - Update completed for 1 poms: local refresh takes 0.00 sec, refresh facades takes 0.00 sec, update config takes 0.00 sec 
2023-05-11 11:51:31,843 [Worker-73: Building] INFO  o.e.m.c.i.l.LifecycleMappingFactory - Using org.eclipse.m2e.jdt.JarLifecycleMapping lifecycle mapping for MavenProject: com.example:springdemo:1.0.0-SNAPSHOT @ /Users/banuprakash/Desktop/Java Workspaces/ADOBE/MAY23/GraphQL-May23/GraphQL/springdemo/pom.xml.
2023-05-11 11:51:31,991 [Worker-73: Building] INFO  o.a.m.s.f.DefaultMavenResourcesFiltering - Copying 0 resource from src/main/resources to target/classes
2023-05-11 11:51:31,991 [Worker-73: Building] INFO  o.a.m.s.f.DefaultMavenResourcesFiltering - Copying 0 resource from src/main/resources to target/classes
2023-05-11 11:51:31,992 [Worker-73: Building] INFO  o.a.m.s.f.DefaultMavenResourcesFiltering - skip non existing resourceDirectory /Users/banuprakash/Desktop/Java Workspaces/ADOBE/MAY23/GraphQL-May23/GraphQL/springdemo/src/test/resources
2023-05-11 11:51:33,154 [Worker-80: Building] INFO  o.a.m.s.f.DefaultMavenResourcesFiltering - Copying 1 resource from src/main/resources to target/classes
2023-05-11 11:51:33,159 [Worker-80: Building] INFO  o.a.m.s.f.DefaultMavenResourcesFiltering - Copying 0 resource from src/main/resources to target/classes
2023-05-11 11:51:33,160 [Worker-80: Building] INFO  o.a.m.s.f.DefaultMavenResourcesFiltering - skip non existing resourceDirectory /Users/banuprakash/Desktop/Java Workspaces/ADOBE/MAY23/GraphQL-May23/GraphQL/springdemo/src/test/resources
2023-05-11 11:51:37,842 [Worker-79: Building] INFO  o.e.m.c.i.l.LifecycleMappingFactory - Using org.eclipse.m2e.jdt.JarLifecycleMapping lifecycle mapping for MavenProject: com.example:springdemo:1.0.0-SNAPSHOT @ /Users/banuprakash/Desktop/Java Workspaces/ADOBE/MAY23/GraphQL-May23/GraphQL/springdemo/pom.xml.
2023-05-11 11:51:37,949 [Worker-79: Building] INFO  o.a.m.s.f.DefaultMavenResourcesFiltering - Copying 0 resource from src/main/resources to target/classes
2023-05-11 11:51:37,949 [Worker-79: Building] INFO  o.a.m.s.f.DefaultMavenResourcesFiltering - Copying 0 resource from src/main/resources to target/classes
2023-05-11 11:51:37,951 [Worker-79: Building] INFO  o.a.m.s.f.DefaultMavenResourcesFiltering - skip non existing resourceDirectory /Users/banuprakash/Desktop/Java Workspaces/ADOBE/MAY23/GraphQL-May23/GraphQL/springdemo/src/test/resources
2023-05-11 11:52:19,393 [Worker-73: Building] INFO  o.a.m.s.f.DefaultMavenResourcesFiltering - Copying 1 resource from src/main/resources to target/classes
2023-05-11 11:52:19,397 [Worker-73: Building] INFO  o.a.m.s.f.DefaultMavenResourcesFiltering - Copying 0 resource from src/main/resources to target/classes
2023-05-11 11:52:19,398 [Worker-73: Building] INFO  o.a.m.s.f.DefaultMavenResourcesFiltering - skip non existing resourceDirectory /Users/banuprakash/Desktop/Java Workspaces/ADOBE/MAY23/GraphQL-May23/GraphQL/springdemo/src/test/resources
2023-05-11 11:53:10,993 [Worker-80: Building] INFO  o.a.m.s.f.DefaultMavenResourcesFiltering - Copying 1 resource from src/main/resources to target/classes
2023-05-11 11:53:10,994 [Worker-80: Building] INFO  o.a.m.s.f.DefaultMavenResourcesFiltering - Copying 0 resource from src/main/resources to target/classes
2023-05-11 11:53:10,995 [Worker-80: Building] INFO  o.a.m.s.f.DefaultMavenResourcesFiltering - skip non existing resourceDirectory /Users/banuprakash/Desktop/Java Workspaces/ADOBE/MAY23/GraphQL-May23/GraphQL/springdemo/src/test/resources
2023-05-11 11:55:31,614 [Worker-73: Building] INFO  o.a.m.s.f.DefaultMavenResourcesFiltering - Copying 1 resource from src/main/resources to target/classes
2023-05-11 11:55:31,615 [Worker-73: Building] INFO  o.a.m.s.f.DefaultMavenResourcesFiltering - Copying 0 resource from src/main/resources to target/classes
2023-05-11 11:55:31,616 [Worker-73: Building] INFO  o.a.m.s.f.DefaultMavenResourcesFiltering - skip non existing resourceDirectory /Users/banuprakash/Desktop/Java Workspaces/ADOBE/MAY23/GraphQL-May23/GraphQL/springdemo/src/test/resources
2023-05-11 11:56:29,671 [Worker-81: Building] INFO  o.a.m.s.f.DefaultMavenResourcesFiltering - Copying 1 resource from src/main/resources to target/classes
2023-05-11 11:56:29,672 [Worker-81: Building] INFO  o.a.m.s.f.DefaultMavenResourcesFiltering - Copying 0 resource from src/main/resources to target/classes
2023-05-11 11:56:29,673 [Worker-81: Building] INFO  o.a.m.s.f.DefaultMavenResourcesFiltering - skip non existing resourceDirectory /Users/banuprakash/Desktop/Java Workspaces/ADOBE/MAY23/GraphQL-May23/GraphQL/springdemo/src/test/resources
2023-05-11 11:57:32,757 [Worker-76: Building] INFO  o.a.m.s.f.DefaultMavenResourcesFiltering - Copying 1 resource from src/main/resources to target/classes
2023-05-11 11:57:32,758 [Worker-76: Building] INFO  o.a.m.s.f.DefaultMavenResourcesFiltering - Copying 0 resource from src/main/resources to target/classes
2023-05-11 11:57:32,759 [Worker-76: Building] INFO  o.a.m.s.f.DefaultMavenResourcesFiltering - skip non existing resourceDirectory /Users/banuprakash/Desktop/Java Workspaces/ADOBE/MAY23/GraphQL-May23/GraphQL/springdemo/src/test/resources
2023-05-11 11:59:59,870 [Worker-76: Building] INFO  o.a.m.s.f.DefaultMavenResourcesFiltering - Copying 1 resource from src/main/resources to target/classes
2023-05-11 11:59:59,871 [Worker-76: Building] INFO  o.a.m.s.f.DefaultMavenResourcesFiltering - Copying 0 resource from src/main/resources to target/classes
2023-05-11 11:59:59,871 [Worker-76: Building] INFO  o.a.m.s.f.DefaultMavenResourcesFiltering - skip non existing resourceDirectory /Users/banuprakash/Desktop/Java Workspaces/ADOBE/MAY23/GraphQL-May23/GraphQL/springdemo/src/test/resources
2023-05-11 12:00:18,224 [Worker-81: Building] INFO  o.a.m.s.f.DefaultMavenResourcesFiltering - Copying 1 resource from src/main/resources to target/classes
2023-05-11 12:00:18,225 [Worker-81: Building] INFO  o.a.m.s.f.DefaultMavenResourcesFiltering - Copying 0 resource from src/main/resources to target/classes
2023-05-11 12:00:18,227 [Worker-81: Building] INFO  o.a.m.s.f.DefaultMavenResourcesFiltering - skip non existing resourceDirectory /Users/banuprakash/Desktop/Java Workspaces/ADOBE/MAY23/GraphQL-May23/GraphQL/springdemo/src/test/resources
2023-05-11 12:00:35,427 [Worker-73: Building] INFO  o.a.m.s.f.DefaultMavenResourcesFiltering - Copying 1 resource from src/main/resources to target/classes
2023-05-11 12:00:35,429 [Worker-73: Building] INFO  o.a.m.s.f.DefaultMavenResourcesFiltering - Copying 0 resource from src/main/resources to target/classes
2023-05-11 12:00:35,430 [Worker-73: Building] INFO  o.a.m.s.f.DefaultMavenResourcesFiltering - skip non existing resourceDirectory /Users/banuprakash/Desktop/Java Workspaces/ADOBE/MAY23/GraphQL-May23/GraphQL/springdemo/src/test/resources
2023-05-11 12:00:44,947 [Worker-82: Building] INFO  o.a.m.s.f.DefaultMavenResourcesFiltering - Copying 1 resource from src/main/resources to target/classes
2023-05-11 12:00:44,950 [Worker-82: Building] INFO  o.a.m.s.f.DefaultMavenResourcesFiltering - Copying 0 resource from src/main/resources to target/classes
2023-05-11 12:00:44,951 [Worker-82: Building] INFO  o.a.m.s.f.DefaultMavenResourcesFiltering - skip non existing resourceDirectory /Users/banuprakash/Desktop/Java Workspaces/ADOBE/MAY23/GraphQL-May23/GraphQL/springdemo/src/test/resources
2023-05-11 12:00:55,592 [Worker-73: Building] INFO  o.a.m.s.f.DefaultMavenResourcesFiltering - Copying 1 resource from src/main/resources to target/classes
2023-05-11 12:00:55,595 [Worker-73: Building] INFO  o.a.m.s.f.DefaultMavenResourcesFiltering - Copying 0 resource from src/main/resources to target/classes
2023-05-11 12:00:55,596 [Worker-73: Building] INFO  o.a.m.s.f.DefaultMavenResourcesFiltering - skip non existing resourceDirectory /Users/banuprakash/Desktop/Java Workspaces/ADOBE/MAY23/GraphQL-May23/GraphQL/springdemo/src/test/resources
2023-05-11 12:04:25,304 [Worker-83: Building] INFO  o.a.m.s.f.DefaultMavenResourcesFiltering - Copying 1 resource from src/main/resources to target/classes
2023-05-11 12:04:25,305 [Worker-83: Building] INFO  o.a.m.s.f.DefaultMavenResourcesFiltering - Copying 0 resource from src/main/resources to target/classes
2023-05-11 12:04:25,306 [Worker-83: Building] INFO  o.a.m.s.f.DefaultMavenResourcesFiltering - skip non existing resourceDirectory /Users/banuprakash/Desktop/Java Workspaces/ADOBE/MAY23/GraphQL-May23/GraphQL/springdemo/src/test/resources
2023-05-11 12:04:56,886 [Worker-83: Building] INFO  o.a.m.s.f.DefaultMavenResourcesFiltering - Copying 1 resource from src/main/resources to target/classes
2023-05-11 12:04:56,887 [Worker-83: Building] INFO  o.a.m.s.f.DefaultMavenResourcesFiltering - Copying 0 resource from src/main/resources to target/classes
2023-05-11 12:04:56,887 [Worker-83: Building] INFO  o.a.m.s.f.DefaultMavenResourcesFiltering - skip non existing resourceDirectory /Users/banuprakash/Desktop/Java Workspaces/ADOBE/MAY23/GraphQL-May23/GraphQL/springdemo/src/test/resources
2023-05-11 12:09:45,977 [Worker-84: Building] INFO  o.a.m.s.f.DefaultMavenResourcesFiltering - Copying 1 resource from src/main/resources to target/classes
2023-05-11 12:09:45,978 [Worker-84: Building] INFO  o.a.m.s.f.DefaultMavenResourcesFiltering - Copying 0 resource from src/main/resources to target/classes
2023-05-11 12:09:45,979 [Worker-84: Building] INFO  o.a.m.s.f.DefaultMavenResourcesFiltering - skip non existing resourceDirectory /Users/banuprakash/Desktop/Java Workspaces/ADOBE/MAY23/GraphQL-May23/GraphQL/springdemo/src/test/resources
2023-05-11 12:11:55,752 [Worker-87: Building] INFO  o.a.m.s.f.DefaultMavenResourcesFiltering - Copying 1 resource from src/main/resources to target/classes
2023-05-11 12:11:55,753 [Worker-87: Building] INFO  o.a.m.s.f.DefaultMavenResourcesFiltering - Copying 0 resource from src/main/resources to target/classes
2023-05-11 12:11:55,754 [Worker-87: Building] INFO  o.a.m.s.f.DefaultMavenResourcesFiltering - skip non existing resourceDirectory /Users/banuprakash/Desktop/Java Workspaces/ADOBE/MAY23/GraphQL-May23/GraphQL/springdemo/src/test/resources
2023-05-11 13:14:21,751 [Worker-88: Building] INFO  o.e.m.c.i.l.LifecycleMappingFactory - Using org.eclipse.m2e.jdt.JarLifecycleMapping lifecycle mapping for MavenProject: com.example:springdemo:1.0.0-SNAPSHOT @ /Users/banuprakash/Desktop/Java Workspaces/ADOBE/MAY23/GraphQL-May23/GraphQL/springdemo/pom.xml.
2023-05-11 13:14:21,913 [Worker-88: Building] INFO  o.a.m.s.f.DefaultMavenResourcesFiltering - Copying 0 resource from src/main/resources to target/classes
2023-05-11 13:14:21,913 [Worker-88: Building] INFO  o.a.m.s.f.DefaultMavenResourcesFiltering - Copying 0 resource from src/main/resources to target/classes
2023-05-11 13:14:21,914 [Worker-88: Building] INFO  o.a.m.s.f.DefaultMavenResourcesFiltering - skip non existing resourceDirectory /Users/banuprakash/Desktop/Java Workspaces/ADOBE/MAY23/GraphQL-May23/GraphQL/springdemo/src/test/resources
2023-05-11 13:14:23,137 [Worker-87: Building] INFO  o.a.m.s.f.DefaultMavenResourcesFiltering - Copying 1 resource from src/main/resources to target/classes
2023-05-11 13:14:23,144 [Worker-87: Building] INFO  o.a.m.s.f.DefaultMavenResourcesFiltering - Copying 0 resource from src/main/resources to target/classes
2023-05-11 13:14:23,145 [Worker-87: Building] INFO  o.a.m.s.f.DefaultMavenResourcesFiltering - skip non existing resourceDirectory /Users/banuprakash/Desktop/Java Workspaces/ADOBE/MAY23/GraphQL-May23/GraphQL/springdemo/src/test/resources
2023-05-11 13:15:05,961 [Worker-90: Building] INFO  o.a.m.s.f.DefaultMavenResourcesFiltering - Copying 1 resource from src/main/resources to target/classes
2023-05-11 13:15:05,963 [Worker-90: Building] INFO  o.a.m.s.f.DefaultMavenResourcesFiltering - Copying 1 resource from src/main/resources to target/classes
2023-05-11 13:15:05,965 [Worker-90: Building] INFO  o.a.m.s.f.DefaultMavenResourcesFiltering - skip non existing resourceDirectory /Users/banuprakash/Desktop/Java Workspaces/ADOBE/MAY23/GraphQL-May23/GraphQL/springdemo/src/test/resources
2023-05-11 13:15:38,291 [Worker-91: Building] INFO  o.a.m.s.f.DefaultMavenResourcesFiltering - Copying 1 resource from src/main/resources to target/classes
2023-05-11 13:15:38,292 [Worker-91: Building] INFO  o.a.m.s.f.DefaultMavenResourcesFiltering - Copying 1 resource from src/main/resources to target/classes
2023-05-11 13:15:38,293 [Worker-91: Building] INFO  o.a.m.s.f.DefaultMavenResourcesFiltering - skip non existing resourceDirectory /Users/banuprakash/Desktop/Java Workspaces/ADOBE/MAY23/GraphQL-May23/GraphQL/springdemo/src/test/resources
2023-05-11 13:16:25,896 [Worker-90: Building] INFO  o.a.m.s.f.DefaultMavenResourcesFiltering - Copying 1 resource from src/main/resources to target/classes
2023-05-11 13:16:25,898 [Worker-90: Building] INFO  o.a.m.s.f.DefaultMavenResourcesFiltering - Copying 1 resource from src/main/resources to target/classes
2023-05-11 13:16:25,899 [Worker-90: Building] INFO  o.a.m.s.f.DefaultMavenResourcesFiltering - skip non existing resourceDirectory /Users/banuprakash/Desktop/Java Workspaces/ADOBE/MAY23/GraphQL-May23/GraphQL/springdemo/src/test/resources
2023-05-11 13:16:44,331 [Worker-88: Building] INFO  o.a.m.s.f.DefaultMavenResourcesFiltering - Copying 1 resource from src/main/resources to target/classes
2023-05-11 13:16:44,334 [Worker-88: Building] INFO  o.a.m.s.f.DefaultMavenResourcesFiltering - Copying 1 resource from src/main/resources to target/classes
2023-05-11 13:16:44,335 [Worker-88: Building] INFO  o.a.m.s.f.DefaultMavenResourcesFiltering - skip non existing resourceDirectory /Users/banuprakash/Desktop/Java Workspaces/ADOBE/MAY23/GraphQL-May23/GraphQL/springdemo/src/test/resources
2023-05-11 13:17:37,009 [Worker-91: Building] INFO  o.a.m.s.f.DefaultMavenResourcesFiltering - Copying 1 resource from src/main/resources to target/classes
2023-05-11 13:17:37,010 [Worker-91: Building] INFO  o.a.m.s.f.DefaultMavenResourcesFiltering - Copying 1 resource from src/main/resources to target/classes
2023-05-11 13:17:37,011 [Worker-91: Building] INFO  o.a.m.s.f.DefaultMavenResourcesFiltering - skip non existing resourceDirectory /Users/banuprakash/Desktop/Java Workspaces/ADOBE/MAY23/GraphQL-May23/GraphQL/springdemo/src/test/resources
2023-05-11 13:18:11,870 [Worker-90: Building] INFO  o.a.m.s.f.DefaultMavenResourcesFiltering - Copying 1 resource from src/main/resources to target/classes
2023-05-11 13:18:11,871 [Worker-90: Building] INFO  o.a.m.s.f.DefaultMavenResourcesFiltering - Copying 1 resource from src/main/resources to target/classes
2023-05-11 13:18:11,872 [Worker-90: Building] INFO  o.a.m.s.f.DefaultMavenResourcesFiltering - skip non existing resourceDirectory /Users/banuprakash/Desktop/Java Workspaces/ADOBE/MAY23/GraphQL-May23/GraphQL/springdemo/src/test/resources
2023-05-11 13:19:33,858 [Worker-87: Building] INFO  o.a.m.s.f.DefaultMavenResourcesFiltering - Copying 1 resource from src/main/resources to target/classes
2023-05-11 13:19:33,858 [Worker-87: Building] INFO  o.a.m.s.f.DefaultMavenResourcesFiltering - Copying 1 resource from src/main/resources to target/classes
2023-05-11 13:19:33,859 [Worker-87: Building] INFO  o.a.m.s.f.DefaultMavenResourcesFiltering - skip non existing resourceDirectory /Users/banuprakash/Desktop/Java Workspaces/ADOBE/MAY23/GraphQL-May23/GraphQL/springdemo/src/test/resources
2023-05-11 13:21:37,774 [Worker-88: Building] INFO  o.a.m.s.f.DefaultMavenResourcesFiltering - Copying 1 resource from src/main/resources to target/classes
2023-05-11 13:21:37,775 [Worker-88: Building] INFO  o.a.m.s.f.DefaultMavenResourcesFiltering - Copying 1 resource from src/main/resources to target/classes
2023-05-11 13:21:37,776 [Worker-88: Building] INFO  o.a.m.s.f.DefaultMavenResourcesFiltering - skip non existing resourceDirectory /Users/banuprakash/Desktop/Java Workspaces/ADOBE/MAY23/GraphQL-May23/GraphQL/springdemo/src/test/resources
2023-05-11 13:23:29,390 [Worker-87: Building] INFO  o.a.m.s.f.DefaultMavenResourcesFiltering - Copying 1 resource from src/main/resources to target/classes
2023-05-11 13:23:29,391 [Worker-87: Building] INFO  o.a.m.s.f.DefaultMavenResourcesFiltering - Copying 1 resource from src/main/resources to target/classes
2023-05-11 13:23:29,393 [Worker-87: Building] INFO  o.a.m.s.f.DefaultMavenResourcesFiltering - skip non existing resourceDirectory /Users/banuprakash/Desktop/Java Workspaces/ADOBE/MAY23/GraphQL-May23/GraphQL/springdemo/src/test/resources
2023-05-11 13:26:11,319 [Worker-88: Building] INFO  o.a.m.s.f.DefaultMavenResourcesFiltering - Copying 1 resource from src/main/resources to target/classes
2023-05-11 13:26:11,321 [Worker-88: Building] INFO  o.a.m.s.f.DefaultMavenResourcesFiltering - Copying 1 resource from src/main/resources to target/classes
2023-05-11 13:26:11,321 [Worker-88: Building] INFO  o.a.m.s.f.DefaultMavenResourcesFiltering - skip non existing resourceDirectory /Users/banuprakash/Desktop/Java Workspaces/ADOBE/MAY23/GraphQL-May23/GraphQL/springdemo/src/test/resources
2023-05-11 13:26:14,310 [Worker-88: Building] INFO  o.a.m.s.f.DefaultMavenResourcesFiltering - Copying 1 resource from src/main/resources to target/classes
2023-05-11 13:26:14,311 [Worker-88: Building] INFO  o.a.m.s.f.DefaultMavenResourcesFiltering - Copying 1 resource from src/main/resources to target/classes
2023-05-11 13:26:14,312 [Worker-88: Building] INFO  o.a.m.s.f.DefaultMavenResourcesFiltering - skip non existing resourceDirectory /Users/banuprakash/Desktop/Java Workspaces/ADOBE/MAY23/GraphQL-May23/GraphQL/springdemo/src/test/resources
2023-05-11 13:27:43,677 [Worker-94: Building] INFO  o.a.m.s.f.DefaultMavenResourcesFiltering - Copying 1 resource from src/main/resources to target/classes
2023-05-11 13:27:43,678 [Worker-94: Building] INFO  o.a.m.s.f.DefaultMavenResourcesFiltering - Copying 1 resource from src/main/resources to target/classes
2023-05-11 13:27:43,678 [Worker-94: Building] INFO  o.a.m.s.f.DefaultMavenResourcesFiltering - skip non existing resourceDirectory /Users/banuprakash/Desktop/Java Workspaces/ADOBE/MAY23/GraphQL-May23/GraphQL/springdemo/src/test/resources
2023-05-11 13:28:34,839 [Worker-95: Building] INFO  o.a.m.s.f.DefaultMavenResourcesFiltering - Copying 1 resource from src/main/resources to target/classes
2023-05-11 13:28:34,840 [Worker-95: Building] INFO  o.a.m.s.f.DefaultMavenResourcesFiltering - Copying 1 resource from src/main/resources to target/classes
2023-05-11 13:28:34,841 [Worker-95: Building] INFO  o.a.m.s.f.DefaultMavenResourcesFiltering - skip non existing resourceDirectory /Users/banuprakash/Desktop/Java Workspaces/ADOBE/MAY23/GraphQL-May23/GraphQL/springdemo/src/test/resources
